<?xml version="1.0" encoding="UTF-8" ?>

<testsuite failures="0" time="0.797" errors="0" skipped="0" tests="5" name="ApplicationTest">
  <testcase classname="ApplicationTest" name="simpleCheck" time="0">
      </testcase>
  <testcase classname="ApplicationTest" name="renderParseMultUrl" time="0.422">
      </testcase>
  <testcase classname="ApplicationTest" name="renderParseDivUrl" time="0.125">
      </testcase>
  <testcase classname="ApplicationTest" name="renderParseSumUrl" time="0.125">
      </testcase>
  <testcase classname="ApplicationTest" name="renderParseMinusUrl" time="0.125">
      </testcase>
</testsuite>
